серп. 03, 2025 2:49:46 ПП ua.pro.baynova.ThreadsExample.lesson_15.Loggers.part_5.OrderProcessingApp start
INFO: OrderProcessingApp запущено
серп. 03, 2025 2:49:47 ПП ua.pro.baynova.ThreadsExample.lesson_15.Loggers.part_5.OrderProducer run
INFO: Создан заказ: Order{id=1, customer='Client#1', amount=120.0}
серп. 03, 2025 2:49:47 ПП ua.pro.baynova.ThreadsExample.lesson_15.Loggers.part_5.OrderConsumer run
INFO: Обрабатываю заказ: Order{id=1, customer='Client#1', amount=120.0}
серп. 03, 2025 2:49:47 ПП ua.pro.baynova.ThreadsExample.lesson_15.Loggers.part_5.OrderConsumer run
SEVERE: Ошибка обработки: Ошибка при обработке заказа: Order{id=1, customer='Client#1', amount=120.0}
java.lang.RuntimeException: Ошибка при обработке заказа: Order{id=1, customer='Client#1', amount=120.0}
	at ua.pro.baynova.ThreadsExample.lesson_15.Loggers.part_5.OrderConsumer.run(OrderConsumer.java:26)
	at java.base/java.util.concurrent.Executors$RunnableAdapter.call(Executors.java:572)
	at java.base/java.util.concurrent.FutureTask.run(FutureTask.java:317)
	at java.base/java.util.concurrent.ThreadPoolExecutor.runWorker(ThreadPoolExecutor.java:1144)
	at java.base/java.util.concurrent.ThreadPoolExecutor$Worker.run(ThreadPoolExecutor.java:642)
	at java.base/java.lang.Thread.run(Thread.java:1583)

серп. 03, 2025 2:49:48 ПП ua.pro.baynova.ThreadsExample.lesson_15.Loggers.part_5.OrderProducer run
INFO: Создан заказ: Order{id=2, customer='Client#2', amount=240.0}
серп. 03, 2025 2:49:49 ПП ua.pro.baynova.ThreadsExample.lesson_15.Loggers.part_5.OrderProducer run
INFO: Создан заказ: Order{id=3, customer='Client#3', amount=360.0}
серп. 03, 2025 2:49:50 ПП ua.pro.baynova.ThreadsExample.lesson_15.Loggers.part_5.OrderProducer run
INFO: Создан заказ: Order{id=4, customer='Client#4', amount=480.0}
серп. 03, 2025 2:49:51 ПП ua.pro.baynova.ThreadsExample.lesson_15.Loggers.part_5.OrderProducer run
INFO: Создан заказ: Order{id=5, customer='Client#5', amount=600.0}
серп. 03, 2025 2:49:52 ПП ua.pro.baynova.ThreadsExample.lesson_15.Loggers.part_5.OrderProducer run
INFO: Создан заказ: Order{id=6, customer='Client#6', amount=720.0}
серп. 03, 2025 2:49:53 ПП ua.pro.baynova.ThreadsExample.lesson_15.Loggers.part_5.OrderProducer run
INFO: Создан заказ: Order{id=7, customer='Client#7', amount=840.0}
серп. 03, 2025 2:49:54 ПП ua.pro.baynova.ThreadsExample.lesson_15.Loggers.part_5.OrderProducer run
INFO: Создан заказ: Order{id=8, customer='Client#8', amount=960.0}
серп. 03, 2025 2:49:55 ПП ua.pro.baynova.ThreadsExample.lesson_15.Loggers.part_5.OrderProducer run
INFO: Создан заказ: Order{id=9, customer='Client#9', amount=1080.0}
серп. 03, 2025 2:49:56 ПП ua.pro.baynova.ThreadsExample.lesson_15.Loggers.part_5.OrderProcessingApp lambda$start$0
INFO: Время вышло. Останавливаем приложение...
серп. 03, 2025 2:49:56 ПП ua.pro.baynova.ThreadsExample.lesson_15.Loggers.part_5.OrderProducer run
WARNING: Производство заказов остановлено
серп. 03, 2025 2:49:56 ПП ua.pro.baynova.ThreadsExample.lesson_15.Loggers.part_5.OrderProcessingApp start
INFO: Приложение завершено
