серп. 03, 2025 12:51:48 ПП ua.pro.baynova.ThreadsExample.lesson_15.Loggers.part_5.WarehouseAppMain main
SEVERE: Ошибка при обработке заказа #4
java.io.IOException: База недоступна!
	at ua.pro.baynova.ThreadsExample.lesson_15.Loggers.part_5.OrderProcessor.process(OrderProcessor.java:21)
	at ua.pro.baynova.ThreadsExample.lesson_15.Loggers.part_5.WarehouseAppMain.main(WarehouseAppMain.java:17)

серп. 03, 2025 12:51:48 ПП ua.pro.baynova.ThreadsExample.lesson_15.Loggers.part_5.WarehouseAppMain main
SEVERE: Ошибка при обработке заказа #5
java.lang.NullPointerException: Коробка не найдена!
	at ua.pro.baynova.ThreadsExample.lesson_15.Loggers.part_5.OrderProcessor.process(OrderProcessor.java:20)
	at ua.pro.baynova.ThreadsExample.lesson_15.Loggers.part_5.WarehouseAppMain.main(WarehouseAppMain.java:17)

серп. 03, 2025 12:51:48 ПП ua.pro.baynova.ThreadsExample.lesson_15.Loggers.part_5.WarehouseAppMain main
SEVERE: Ошибка при обработке заказа #6
java.lang.IllegalStateException: Заказ повреждён!
	at ua.pro.baynova.ThreadsExample.lesson_15.Loggers.part_5.OrderProcessor.process(OrderProcessor.java:19)
	at ua.pro.baynova.ThreadsExample.lesson_15.Loggers.part_5.WarehouseAppMain.main(WarehouseAppMain.java:17)

серп. 03, 2025 12:51:48 ПП ua.pro.baynova.ThreadsExample.lesson_15.Loggers.part_5.WarehouseAppMain main
SEVERE: Ошибка при обработке заказа #7
java.io.IOException: База недоступна!
	at ua.pro.baynova.ThreadsExample.lesson_15.Loggers.part_5.OrderProcessor.process(OrderProcessor.java:21)
	at ua.pro.baynova.ThreadsExample.lesson_15.Loggers.part_5.WarehouseAppMain.main(WarehouseAppMain.java:17)

серп. 03, 2025 12:51:48 ПП ua.pro.baynova.ThreadsExample.lesson_15.Loggers.part_5.WarehouseAppMain main
SEVERE: Ошибка при обработке заказа #8
java.io.IOException: База недоступна!
	at ua.pro.baynova.ThreadsExample.lesson_15.Loggers.part_5.OrderProcessor.process(OrderProcessor.java:21)
	at ua.pro.baynova.ThreadsExample.lesson_15.Loggers.part_5.WarehouseAppMain.main(WarehouseAppMain.java:17)

серп. 03, 2025 2:38:27 ПП ua.pro.baynova.ThreadsExample.lesson_15.Loggers.part_5.OrderConsumer run
SEVERE: Ошибка обработки: Ошибка при обработке заказа: Order{id=7, customer='Client#7', amount=840.0}
java.lang.RuntimeException: Ошибка при обработке заказа: Order{id=7, customer='Client#7', amount=840.0}
	at ua.pro.baynova.ThreadsExample.lesson_15.Loggers.part_5.OrderConsumer.run(OrderConsumer.java:26)
	at java.base/java.lang.Thread.run(Thread.java:1583)

серп. 03, 2025 2:49:47 ПП ua.pro.baynova.ThreadsExample.lesson_15.Loggers.part_5.OrderConsumer run
SEVERE: Ошибка обработки: Ошибка при обработке заказа: Order{id=1, customer='Client#1', amount=120.0}
java.lang.RuntimeException: Ошибка при обработке заказа: Order{id=1, customer='Client#1', amount=120.0}
	at ua.pro.baynova.ThreadsExample.lesson_15.Loggers.part_5.OrderConsumer.run(OrderConsumer.java:26)
	at java.base/java.util.concurrent.Executors$RunnableAdapter.call(Executors.java:572)
	at java.base/java.util.concurrent.FutureTask.run(FutureTask.java:317)
	at java.base/java.util.concurrent.ThreadPoolExecutor.runWorker(ThreadPoolExecutor.java:1144)
	at java.base/java.util.concurrent.ThreadPoolExecutor$Worker.run(ThreadPoolExecutor.java:642)
	at java.base/java.lang.Thread.run(Thread.java:1583)

серп. 04, 2025 2:08:27 ПП ua.pro.baynova.ThreadsExample.lesson_15.Loggers.part_5.OrderConsumer run
SEVERE: Ошибка обработки: Ошибка при обработке заказа: Order{id=2, customer='Client#2', amount=240.0}
java.lang.RuntimeException: Ошибка при обработке заказа: Order{id=2, customer='Client#2', amount=240.0}
	at ua.pro.baynova.ThreadsExample.lesson_15.Loggers.part_5.OrderConsumer.run(OrderConsumer.java:26)
	at java.base/java.util.concurrent.Executors$RunnableAdapter.call(Executors.java:572)
	at java.base/java.util.concurrent.FutureTask.run(FutureTask.java:317)
	at java.base/java.util.concurrent.ThreadPoolExecutor.runWorker(ThreadPoolExecutor.java:1144)
	at java.base/java.util.concurrent.ThreadPoolExecutor$Worker.run(ThreadPoolExecutor.java:642)
	at java.base/java.lang.Thread.run(Thread.java:1583)

2025-08-06 21:01:11 WARN  u.p.b.T.l.L.part_7.SLF4J.Printer - Принтер завершает работу (прерван)
2025-08-06 21:01:11 WARN  u.p.b.T.l.L.part_7.SLF4J.Employee - Иван завершает работу (прерван)
2025-08-06 21:01:11 WARN  u.p.b.T.l.L.part_7.SLF4J.Employee - Ольга завершает работу (прерван)
